android/build/outputs/logs/manifest-merger-release-report.txt
-- Merging decision tree log ---
manifest
ADDED from src/main/AndroidManifest.xml:1:1-71:12
INJECTED from src/main/AndroidManifest.xml:1:1-71:12
INJECTED from src/main/AndroidManifest.xml:1:1-71:12
INJECTED from src/main/AndroidManifest.xml:1:1-71:12
INJECTED from src/main/AndroidManifest.xml:1:1-71:12
INJECTED from src/main/AndroidManifest.xml:1:1-71:12
INJECTED from src/main/AndroidManifest.xml:1:1-71:12
	package
		ADDED from src/main/AndroidManifest.xml:2:5-32
		INJECTED from src/main/AndroidManifest.xml
		INJECTED from src/main/AndroidManifest.xml
	android:versionName
		INJECTED from src/main/AndroidManifest.xml
		ADDED from src/main/AndroidManifest.xml:1:1-71:12
		INJECTED from src/main/AndroidManifest.xml
	android:versionCode
		INJECTED from src/main/AndroidManifest.xml
		ADDED from src/main/AndroidManifest.xml:1:1-71:12
		INJECTED from src/main/AndroidManifest.xml
	xmlns:android
		ADDED from src/main/AndroidManifest.xml:1:11-69
uses-permission#android.permission.INTERNET
ADDED from src/main/AndroidManifest.xml:6:5-67
	android:name
		ADDED from src/main/AndroidManifest.xml:6:22-64
uses-permission#android.permission.ACCESS_NETWORK_STATE
ADDED from src/main/AndroidManifest.xml:7:5-79
	android:name
		ADDED from src/main/AndroidManifest.xml:7:22-76
uses-permission#android.permission.ACCESS_WIFI_STATE
ADDED from src/main/AndroidManifest.xml:8:5-76
	android:name
		ADDED from src/main/AndroidManifest.xml:8:22-73
uses-permission#android.permission.READ_PHONE_STATE
ADDED from src/main/AndroidManifest.xml:9:5-75
	android:name
		ADDED from src/main/AndroidManifest.xml:9:22-72
uses-permission#android.permission.ACCESS_COARSE_LOCATION
ADDED from src/main/AndroidManifest.xml:12:5-81
	android:name
		ADDED from src/main/AndroidManifest.xml:12:22-78
uses-permission#android.permission.WRITE_SETTINGS
ADDED from src/main/AndroidManifest.xml:13:5-73
	android:name
		ADDED from src/main/AndroidManifest.xml:13:22-70
uses-permission#android.permission.WRITE_EXTERNAL_STORAGE
ADDED from src/main/AndroidManifest.xml:14:5-81
	android:name
		ADDED from src/main/AndroidManifest.xml:14:22-78
uses-permission#android.permission.READ_SMS
ADDED from src/main/AndroidManifest.xml:15:5-67
	android:name
		ADDED from src/main/AndroidManifest.xml:15:22-64
uses-permission#android.permission.VIBRATE
ADDED from src/main/AndroidManifest.xml:16:5-66
	android:name
		ADDED from src/main/AndroidManifest.xml:16:22-63
uses-permission#android.webkit.permission.PLUGIN
ADDED from src/main/AndroidManifest.xml:17:5-72
	android:name
		ADDED from src/main/AndroidManifest.xml:17:22-69
uses-permission#android.permission.SEND_SMS
ADDED from src/main/AndroidManifest.xml:18:5-67
	android:name
		ADDED from src/main/AndroidManifest.xml:18:22-64
uses-permission#android.permission.SYSTEM_ALERT_WINDOW
ADDED from src/main/AndroidManifest.xml:19:5-78
	android:name
		ADDED from src/main/AndroidManifest.xml:19:22-75
uses-permission#android.permission.GET_TASKS
ADDED from src/main/AndroidManifest.xml:21:5-68
	android:name
		ADDED from src/main/AndroidManifest.xml:21:22-65
uses-permission#android.permission.NFC
ADDED from src/main/AndroidManifest.xml:23:5-62
	android:name
		ADDED from src/main/AndroidManifest.xml:23:22-59
uses-permission#android.permission.RECORD_AUDIO
ADDED from src/main/AndroidManifest.xml:24:5-71
	android:name
		ADDED from src/main/AndroidManifest.xml:24:22-68
uses-permission#android.permission.MODIFY_AUDIO_SETTINGS
ADDED from src/main/AndroidManifest.xml:25:5-80
	android:name
		ADDED from src/main/AndroidManifest.xml:25:22-77
uses-permission#org.simalliance.openmobileapi.SMARTCARD
ADDED from src/main/AndroidManifest.xml:26:5-79
	android:name
		ADDED from src/main/AndroidManifest.xml:26:22-76
uses-feature#android.hardware.nfc.hce
ADDED from src/main/AndroidManifest.xml:27:5-61
	android:name
		ADDED from src/main/AndroidManifest.xml:27:19-58
application
ADDED from src/main/AndroidManifest.xml:30:5-68:19
activity#com.ipaynow.plugin.presenter.PayMethodActivity
ADDED from src/main/AndroidManifest.xml:33:9-39:20
	android:screenOrientation
		ADDED from src/main/AndroidManifest.xml:37:13-49
	android:exported
		ADDED from src/main/AndroidManifest.xml:36:13-37
	android:configChanges
		ADDED from src/main/AndroidManifest.xml:35:13-85
	android:theme
		ADDED from src/main/AndroidManifest.xml:38:13-56
	android:name
		ADDED from src/main/AndroidManifest.xml:34:13-74
activity#com.ipaynow.plugin.inner_plugin.wechatpg.activity.WXPayActivity
ADDED from src/main/AndroidManifest.xml:42:9-47:59
	android:screenOrientation
		ADDED from src/main/AndroidManifest.xml:46:13-47
	android:launchMode
		ADDED from src/main/AndroidManifest.xml:45:13-43
	android:configChanges
		ADDED from src/main/AndroidManifest.xml:44:13-85
	android:theme
		ADDED from src/main/AndroidManifest.xml:47:13-56
	android:name
		ADDED from src/main/AndroidManifest.xml:43:13-91
activity-alias#com.heatey.nowpay.wxapi.WXPayEntryActivity
ADDED from src/main/AndroidManifest.xml:49:9-52:104
	android:exported
		ADDED from src/main/AndroidManifest.xml:51:13-36
	android:targetActivity
		ADDED from src/main/AndroidManifest.xml:52:13-101
	android:name
		ADDED from src/main/AndroidManifest.xml:50:13-53
activity#com.alipay.sdk.app.H5PayActivity
ADDED from src/main/AndroidManifest.xml:56:9-61:20
	android:screenOrientation
		ADDED from src/main/AndroidManifest.xml:60:13-47
	android:exported
		ADDED from src/main/AndroidManifest.xml:59:13-37
	android:configChanges
		ADDED from src/main/AndroidManifest.xml:58:13-74
	android:name
		ADDED from src/main/AndroidManifest.xml:57:13-60
activity#com.alipay.sdk.auth.AuthActivity
ADDED from src/main/AndroidManifest.xml:62:9-67:20
	android:screenOrientation
		ADDED from src/main/AndroidManifest.xml:66:13-47
	android:exported
		ADDED from src/main/AndroidManifest.xml:65:13-37
	android:configChanges
		ADDED from src/main/AndroidManifest.xml:64:13-74
	android:name
		ADDED from src/main/AndroidManifest.xml:63:13-60
uses-sdk
INJECTED from src/main/AndroidManifest.xml reason: use-sdk injection requested
INJECTED from src/main/AndroidManifest.xml
INJECTED from src/main/AndroidManifest.xml
INJECTED from src/main/AndroidManifest.xml
INJECTED from src/main/AndroidManifest.xml
	android:targetSdkVersion
		INJECTED from src/main/AndroidManifest.xml
		ADDED from src/main/AndroidManifest.xml
		INJECTED from src/main/AndroidManifest.xml
	android:minSdkVersion
		INJECTED from src/main/AndroidManifest.xml
		ADDED from src/main/AndroidManifest.xml
		INJECTED from src/main/AndroidManifest.xml